<?xml version="1.0" encoding="UTF-8"?>
<!-- Generated by org.testng.reporters.JUnitReportReporter -->
<testsuite hostname="tester-VirtualBox" failures="0" tests="1" name="eBilet.BuyTicketForFreeRouteTest" time="19.684" errors="0" timestamp="2022-05-16T15:36:43 CEST" skipped="0">
  <testcase classname="eBilet.BuyTicketForFreeRouteTest" name="buyTicketForFreeRoute" time="19.684"/>
  <system-out/>
</testsuite> <!-- eBilet.BuyTicketForFreeRouteTest -->
