<?xml version="1.0" encoding="UTF-8"?>
<!-- Generated by org.testng.reporters.JUnitReportReporter -->
<testsuite hostname="tester-VirtualBox" failures="0" tests="1" name="eBilet.BuyTicketForEmptyNodesTest" time="17.595" errors="0" timestamp="2022-05-16T15:36:43 CEST" skipped="0">
  <testcase classname="eBilet.BuyTicketForEmptyNodesTest" name="buyTicketNoNodesSelected" time="17.595"/>
  <system-out/>
</testsuite> <!-- eBilet.BuyTicketForEmptyNodesTest -->
