<?xml version="1.0" encoding="UTF-8"?>
<!-- Generated by org.testng.reporters.JUnitReportReporter -->
<testsuite hostname="tester-VirtualBox" failures="0" tests="1" name="eBilet.TicketValidityTest" time="13.157" errors="0" timestamp="2022-05-16T15:36:43 CEST" skipped="0">
  <testcase classname="eBilet.TicketValidityTest" name="checkTicketValidity" time="13.157"/>
  <system-out/>
</testsuite> <!-- eBilet.TicketValidityTest -->
